0 info it worked if it ends with ok
1 verbose cli [ '/Users/michaelbaldwin/.nvm/versions/node/v6.9.0/bin/node',
1 verbose cli   '/Users/michaelbaldwin/.nvm/versions/node/v6.9.0/bin/npm',
1 verbose cli   'run',
1 verbose cli   'wp' ]
2 info using npm@4.0.5
3 info using node@v6.9.0
4 verbose run-script [ 'prewp', 'wp', 'postwp' ]
5 info lifecycle react-input-tags@1.1.2~prewp: react-input-tags@1.1.2
6 silly lifecycle react-input-tags@1.1.2~prewp: no script for prewp, continuing
7 info lifecycle react-input-tags@1.1.2~wp: react-input-tags@1.1.2
8 verbose lifecycle react-input-tags@1.1.2~wp: unsafe-perm in lifecycle true
9 verbose lifecycle react-input-tags@1.1.2~wp: PATH: /Users/michaelbaldwin/.nvm/versions/node/v6.9.0/lib/node_modules/npm/bin/node-gyp-bin:/Users/michaelbaldwin/Projects/react-input-tags/node_modules/.bin:/Users/michaelbaldwin/.nvm/versions/node/v6.9.0/bin:/usr/local/sbin:/usr/local/bin:/usr/bin:/bin:/usr/sbin:/sbin:/opt/X11/bin:/usr/local/go/bin:/Users/michaelbaldwin/.yarn/.bin
10 verbose lifecycle react-input-tags@1.1.2~wp: CWD: /Users/michaelbaldwin/Projects/react-input-tags
11 silly lifecycle react-input-tags@1.1.2~wp: Args: [ '-c', 'webpack --config webpack.config.js' ]
12 silly lifecycle react-input-tags@1.1.2~wp: Returned: code: 2  signal: null
13 info lifecycle react-input-tags@1.1.2~wp: Failed to exec wp script
14 verbose stack Error: react-input-tags@1.1.2 wp: `webpack --config webpack.config.js`
14 verbose stack Exit status 2
14 verbose stack     at EventEmitter.<anonymous> (/Users/michaelbaldwin/.nvm/versions/node/v6.9.0/lib/node_modules/npm/lib/utils/lifecycle.js:279:16)
14 verbose stack     at emitTwo (events.js:106:13)
14 verbose stack     at EventEmitter.emit (events.js:191:7)
14 verbose stack     at ChildProcess.<anonymous> (/Users/michaelbaldwin/.nvm/versions/node/v6.9.0/lib/node_modules/npm/lib/utils/spawn.js:40:14)
14 verbose stack     at emitTwo (events.js:106:13)
14 verbose stack     at ChildProcess.emit (events.js:191:7)
14 verbose stack     at maybeClose (internal/child_process.js:877:16)
14 verbose stack     at Process.ChildProcess._handle.onexit (internal/child_process.js:226:5)
15 verbose pkgid react-input-tags@1.1.2
16 verbose cwd /Users/michaelbaldwin/Projects/react-input-tags
17 error Darwin 16.4.0
18 error argv "/Users/michaelbaldwin/.nvm/versions/node/v6.9.0/bin/node" "/Users/michaelbaldwin/.nvm/versions/node/v6.9.0/bin/npm" "run" "wp"
19 error node v6.9.0
20 error npm  v4.0.5
21 error code ELIFECYCLE
22 error react-input-tags@1.1.2 wp: `webpack --config webpack.config.js`
22 error Exit status 2
23 error Failed at the react-input-tags@1.1.2 wp script 'webpack --config webpack.config.js'.
23 error Make sure you have the latest version of node.js and npm installed.
23 error If you do, this is most likely a problem with the react-input-tags package,
23 error not with npm itself.
23 error Tell the author that this fails on your system:
23 error     webpack --config webpack.config.js
23 error You can get information on how to open an issue for this project with:
23 error     npm bugs react-input-tags
23 error Or if that isn't available, you can get their info via:
23 error     npm owner ls react-input-tags
23 error There is likely additional logging output above.
24 verbose exit [ 1, true ]
